error: Error during WHOIS lookup for tqlpcve.top: connect ETIMEDOUT 2401:b180:1:60::6:43
error: Error during WHOIS lookup for studiowinterborn.com: read ECONNRESET
error: Error during WHOIS lookup for tqlpcve.top: connect ETIMEDOUT 2401:b180:1:60::6:43
error: Error during WHOIS lookup for 8hkd9.xyz: connect ETIMEDOUT 2401:b180:1:60::5:43
error: Error during WHOIS lookup for tsggccd.top: connect ETIMEDOUT 2401:b180:1:60::5:43
error: Error during WHOIS lookup for yawlfcu.top: connect ETIMEDOUT 2401:b180:1:60::5:43
error: Error during WHOIS lookup for techflexion.com: connect ETIMEDOUT 2607:f0d0:3006:76::4:43
error: Error during WHOIS lookup for tqlpcve.top: connect ETIMEDOUT 2401:b180:1:60::6:43
error: Error during WHOIS lookup for studiowinterborn.com: read ECONNRESET
error: Error during WHOIS lookup for ivansangel.org: read ECONNRESET
error: Error during WHOIS lookup for 8hkd9.xyz: connect ETIMEDOUT 2401:b180:1:60::6:43
error: Error during WHOIS lookup for tsggccd.top: connect ETIMEDOUT 2401:b180:1:60::6:43
error: Error during WHOIS lookup for yawlfcu.top: connect ETIMEDOUT 2401:b180:1:60::6:43
error: Error during WHOIS lookup for techflexion.com: connect ETIMEDOUT 2607:f0d0:3006:76::4:43
error: Error during WHOIS lookup for i12580.com: connect ETIMEDOUT 175.178.32.144:43
error: Error during WHOIS lookup for ezlxku.top: connect ETIMEDOUT 240e:d9:c200:110::2:43
error: Error during WHOIS lookup for jrsazly.top: connect ETIMEDOUT 2401:b180:1:60::6:43
error: Error during WHOIS lookup for dbpweet.top: connect ETIMEDOUT 2401:b180:1:60::6:43
error: Error during WHOIS lookup for opd6lwspf7.top: connect ETIMEDOUT 240e:d9:c200:110::2:43
error: Error during WHOIS lookup for hrywl1.fun: connect ETIMEDOUT 240e:d9:c200:110::2:43
error: Error during WHOIS lookup for hasorry.space: connect ETIMEDOUT 2600:1f14:35:3000:5293:9ee3:718f:998d:43
error: Error during WHOIS lookup for plant-concepten.shop: connect ETIMEDOUT 2600:9000:264a:a000:6:3821:7100:93a1:43
error: Error during WHOIS lookup for healthydiabetic.org: connect ETIMEDOUT 2600:1f14:35:3000:5293:9ee3:718f:998d:43
error: Error during WHOIS lookup for tqlpcve.top: connect ETIMEDOUT 2401:b180:1:60::6:43
error: Error during WHOIS lookup for 8hkd9.xyz: connect ETIMEDOUT 2401:b180:1:60::6:43
error: Error during WHOIS lookup for tsggccd.top: connect ETIMEDOUT 2401:b180:1:60::6:43
error: Error during WHOIS lookup for yawlfcu.top: connect ETIMEDOUT 2401:b180:1:60::6:43
error: Error during WHOIS lookup for techflexion.com: connect ETIMEDOUT 2607:f0d0:3006:76::4:43
error: Error during WHOIS lookup for i12580.com: connect ETIMEDOUT 175.178.32.144:43
error: Error during WHOIS lookup for ezlxku.top: connect ETIMEDOUT 240e:d9:c200:110::2:43
error: Error during WHOIS lookup for jrsazly.top: connect ETIMEDOUT 2401:b180:1:60::6:43
error: Error during WHOIS lookup for dbpweet.top: connect ETIMEDOUT 2401:b180:1:60::6:43
error: Error during WHOIS lookup for opd6lwspf7.top: connect ETIMEDOUT 240e:d9:c200:110::2:43
error: Error during WHOIS lookup for hrywl1.fun: connect ETIMEDOUT 240e:d9:c200:110::2:43
error: Error during WHOIS lookup for hasorry.space: connect ETIMEDOUT 2600:1f14:35:3000:5293:9ee3:718f:998d:43
error: Error during WHOIS lookup for plant-concepten.shop: connect ETIMEDOUT 2600:9000:264a:9600:6:3821:7100:93a1:43
error: Error during WHOIS lookup for healthydiabetic.org: connect ETIMEDOUT 2600:1f14:35:3000:5293:9ee3:718f:998d:43
error: Error during WHOIS lookup for siehxsw.com: connect ETIMEDOUT 54.151.0.246:43
error: Error during WHOIS lookup for shampooforgreyhair.com: connect ETIMEDOUT 54.151.0.246:43
error: Error during WHOIS lookup for fmccgii.top: connect ETIMEDOUT 2401:b180:1:60::6:43
error: Error during WHOIS lookup for timesinindia.com: read ECONNRESET
error: Error during WHOIS lookup for 8x05hv.com: connect ETIMEDOUT 175.178.32.144:43
error: Error during WHOIS lookup for xdzmwyx.top: connect ETIMEDOUT 2401:b180:1:60::6:43
error: Error during WHOIS lookup for oore.shop: connect ETIMEDOUT 2600:9000:264a:8800:6:3821:7100:93a1:43
error: Error during WHOIS lookup for paradoxx-design.com: read ECONNRESET
error: Error during WHOIS lookup for southernbroadcastservices.com: read ECONNRESET
error: Error during WHOIS lookup for 8769m.com: connect ETIMEDOUT 42.194.253.127:43
error: Error during WHOIS lookup for aipornkorean.com: connect ETIMEDOUT 2600:1f14:35:3000:5293:9ee3:718f:998d:43
error: Error during WHOIS lookup for gooshepherds.dog: connect ETIMEDOUT 2604:4000:2000:2000:98:124:224:8:43
error: Error during WHOIS lookup for indominus.finance: connect ETIMEDOUT 2606:4700:8ca2:54f9:ad7:44:6812:7164:43
error: Error during WHOIS lookup for changemakingconnection.com: connect ETIMEDOUT 2604:4000:2000:2000:98:124:224:8:43
error: Error during WHOIS lookup for cii66.com: connect ETIMEDOUT 2607:f0d0:3006:76::4:43
error: Error during WHOIS lookup for wwfqxku.top: connect ETIMEDOUT 2401:b180:1:60::6:43
error: Error during WHOIS lookup for fifty2-graphicdesign.com: connect ETIMEDOUT 2600:1f14:8f0:a401:61e5:2be5:be6a:b9cb:43
error: Error during WHOIS lookup for fantasycollectiblesllc.com: read ECONNRESET
error: Error during WHOIS lookup for fitnessforgoodness.com: connect ETIMEDOUT 2607:f0d0:3006:76::4:43
error: Error during WHOIS lookup for bywvedg.top: connect ETIMEDOUT 2401:b180:1:60::6:43
error: Error during WHOIS lookup for 21722.top: connect ETIMEDOUT 240e:d9:c200:110::2:43
error: Error during WHOIS lookup for marcel-winter.org: connect ETIMEDOUT 2a07:a246:cc02:400::2:43
error: Error during WHOIS lookup for mipmvpb.top: connect ETIMEDOUT 2401:b180:1:60::6:43
error: Error during WHOIS lookup for vbinnom.top: connect ETIMEDOUT 2401:b180:1:60::6:43
error: Error during WHOIS lookup for hkingshow.com: read ECONNRESET
error: Error during WHOIS lookup for autinshop.com: lookup: timeout
error: Error during WHOIS lookup for eat0578.com: lookup: timeout
error: Error during WHOIS lookup for comopic.com: connect ETIMEDOUT 2600:1f14:8f0:a401:61e5:2be5:be6a:b9cb:43
error: Error during WHOIS lookup for tqlpcve.top: connect ETIMEDOUT 2401:b180:1:60::6:43
error: Error during WHOIS lookup for litba.link: connect ETIMEDOUT 2405:200:1607:2820:41::36:43
error: Error during WHOIS lookup for lqzu7igz.xyz: connect ETIMEDOUT 2405:200:1607:2820:41::36:43
error: Error during WHOIS lookup for 9136.xyz: connect ETIMEDOUT 2405:200:1607:2820:41::36:43
error: Error during WHOIS lookup for 8hkd9.xyz: connect ETIMEDOUT 2401:b180:1:60::5:43
error: Error during WHOIS lookup for bigddave.com: connect ETIMEDOUT 2405:200:1607:2820:41::36:43
error: Error during WHOIS lookup for tsggccd.top: connect ETIMEDOUT 2401:b180:1:60::5:43
error: Error during WHOIS lookup for yawlfcu.top: connect ETIMEDOUT 2401:b180:1:60::5:43
error: Error during WHOIS lookup for techflexion.com: connect ETIMEDOUT 2607:f0d0:3006:76::4:43
error: Error during WHOIS lookup for i12580.com: connect ETIMEDOUT 175.178.32.144:43
error: Error during WHOIS lookup for bkcoin.website: connect ETIMEDOUT 2405:200:1607:2820:41::36:43
error: Error during WHOIS lookup for ezlxku.top: connect ETIMEDOUT 240e:d9:c200:110::2:43
error: Error during WHOIS lookup for jrsazly.top: connect ETIMEDOUT 2401:b180:1:60::5:43
error: Error during WHOIS lookup for fckbd.link: connect ETIMEDOUT 2405:200:1607:2820:41::36:43
error: Error during WHOIS lookup for dbpweet.top: connect ETIMEDOUT 2401:b180:1:60::6:43
error: Error during WHOIS lookup for opd6lwspf7.top: connect ETIMEDOUT 240e:d9:c200:110::2:43
error: Error during WHOIS lookup for hrywl1.fun: connect ETIMEDOUT 240e:d9:c200:110::2:43
error: Error during WHOIS lookup for hasorry.space: connect ETIMEDOUT 2600:1f14:35:3000:5293:9ee3:718f:998d:43
error: Error during WHOIS lookup for jhgna.link: connect ETIMEDOUT 2405:200:1607:2820:41::36:43
error: Error during WHOIS lookup for plant-concepten.shop: connect ETIMEDOUT 2600:9000:2379:600:6:3821:7100:93a1:43
error: Error during WHOIS lookup for celebritykombat.games: connect ETIMEDOUT 2405:200:1607:2820:41::36:43
error: Error during WHOIS lookup for healthydiabetic.org: connect ETIMEDOUT 2600:1f14:35:3000:5293:9ee3:718f:998d:43
error: Error during WHOIS lookup for fmccgii.top: connect ETIMEDOUT 2401:b180:1:60::5:43
error: Error during WHOIS lookup for timesinindia.com: read ECONNRESET
error: Error during WHOIS lookup for 8x05hv.com: connect ETIMEDOUT 42.194.253.127:43
error: Error during WHOIS lookup for tradepositive.com: connect ETIMEDOUT 2405:200:1607:2820:41::36:43
error: Error during WHOIS lookup for xdzmwyx.top: connect ETIMEDOUT 2401:b180:1:60::6:43
error: Error during WHOIS lookup for oore.shop: connect ETIMEDOUT 2600:9000:2379:800:6:3821:7100:93a1:43
error: Error during WHOIS lookup for southernbroadcastservices.com: read ECONNRESET
error: Error during WHOIS lookup for 77877.love: connect ETIMEDOUT 2405:200:1607:2820:41::36:43
error: Error during WHOIS lookup for espuntroma.shop: connect ETIMEDOUT 240e:d9:c200:110::2:43
error: Error during WHOIS lookup for 8769m.com: connect ETIMEDOUT 42.194.253.127:43
error: Error during WHOIS lookup for aipornkorean.com: connect ETIMEDOUT 2600:1f14:35:3000:5293:9ee3:718f:998d:43
error: Error during WHOIS lookup for tnlph.link: connect ETIMEDOUT 2405:200:1607:2820:41::36:43
error: Error during WHOIS lookup for gooshepherds.dog: connect ETIMEDOUT 2604:4000:2000:2000:98:124:224:8:43
error: Error during WHOIS lookup for botax.info: connect ETIMEDOUT 2405:200:1607:2820:41::36:43
error: Error during WHOIS lookup for indominus.finance: connect ETIMEDOUT 2606:4700:8ca2:54f9:ad7:48:6812:7164:43
error: Error during WHOIS lookup for changemakingconnection.com: connect ETIMEDOUT 2604:4000:2000:2000:98:124:224:8:43
error: Error during WHOIS lookup for clarkysjerkyshack.com: connect ETIMEDOUT 2405:200:1607:2820:41::36:43
error: Error during WHOIS lookup for ff4yy1q.sbs: connect ETIMEDOUT 2405:200:1607:2820:41::36:43
error: Error during WHOIS lookup for cii66.com: connect ETIMEDOUT 2607:f0d0:3006:76::4:43
error: Error during WHOIS lookup for wwfqxku.top: connect ETIMEDOUT 2401:b180:1:60::5:43
error: Error during WHOIS lookup for fifty2-graphicdesign.com: connect ETIMEDOUT 2600:1f14:8f0:a401:61e5:2be5:be6a:b9cb:43
error: Error during WHOIS lookup for fantasycollectiblesllc.com: read ECONNRESET
error: Error during WHOIS lookup for fitnessforgoodness.com: connect ETIMEDOUT 2607:f0d0:3006:76::4:43
error: Error during WHOIS lookup for z97b.com: connect ETIMEDOUT 2405:200:1607:2820:41::36:43
error: Error during WHOIS lookup for bywvedg.top: connect ETIMEDOUT 2401:b180:1:60::5:43
error: Error during WHOIS lookup for 21722.top: connect ETIMEDOUT 240e:d9:c200:110::2:43
error: Error during WHOIS lookup for marcel-winter.org: connect ETIMEDOUT 2a07:a246:cc02:400::2:43
error: Error during WHOIS lookup for mipmvpb.top: connect ETIMEDOUT 2401:b180:1:60::5:43
error: Error during WHOIS lookup for vbinnom.top: connect ETIMEDOUT 2401:b180:1:60::5:43
error: Error during WHOIS lookup for balancehealthnola.com: connect ETIMEDOUT 2405:200:1607:2820:41::36:43
error: Error during WHOIS lookup for 05yue18.cfd: connect ETIMEDOUT 2405:200:1607:2820:41::36:43
error: Error during WHOIS lookup for eat0578.com: connect ETIMEDOUT 175.178.32.144:43
error: Error during WHOIS lookup for comopic.com: connect ETIMEDOUT 2600:1f14:8f0:a401:61e5:2be5:be6a:b9cb:43
error: Error during WHOIS lookup for incence-reading.com: connect ETIMEDOUT 2604:4000:2000:2000:98:124:224:8:43
error: Error during WHOIS lookup for huangshanedu.com: getaddrinfo ENOTFOUND whois.paycenter.com.cn
error: Error during WHOIS lookup for loyal6.com: connect ETIMEDOUT 2600:1f14:8f0:a401:61e5:2be5:be6a:b9cb:43
error: Error during WHOIS lookup for smartkidslearningcenter.com: connect ETIMEDOUT 2405:200:1607:2820:41::36:43
error: Error during WHOIS lookup for lrgjurg.top: connect ETIMEDOUT 2401:b180:1:60::6:43
error: Error during WHOIS lookup for owwp6a5t.xyz: connect ETIMEDOUT 2405:200:1607:2820:41::36:43
error: Error during WHOIS lookup for apluscoding.com: connect ETIMEDOUT 2405:200:1607:2820:41::36:43
error: Error during WHOIS lookup for anyun.icu: connect ETIMEDOUT 240e:d9:c200:110::2:43
error: Error during WHOIS lookup for usvu.email: connect ETIMEDOUT 2405:200:1607:2820:41::36:43
error: Error during WHOIS lookup for groundmovement.net: connect ETIMEDOUT 2607:f0d0:3006:76::4:43
error: Error during WHOIS lookup for ypfjj.pictures: connect ETIMEDOUT 2405:200:1607:2820:41::36:43
error: Error during WHOIS lookup for soporks.com: connect ETIMEDOUT 2405:200:1607:2820:41::36:43
error: Error during WHOIS lookup for 62913.bar: connect ETIMEDOUT 2405:200:1607:2820:41::36:43
error: Error during WHOIS lookup for dogscrypto.com: connect ETIMEDOUT 2607:f0d0:3006:76::4:43
error: Error during WHOIS lookup for 789club93.net: connect ETIMEDOUT 2405:200:1607:2820:41::36:43
error: Error during WHOIS lookup for xf72f.xyz: connect ETIMEDOUT 2405:200:1607:2820:41::36:43
error: Error during WHOIS lookup for nnc657.xyz: getaddrinfo ENOTFOUND whois.paycenter.com.cn
error: Error during WHOIS lookup for nusindielovers.com: connect ETIMEDOUT 2604:4000:2000:2000:98:124:224:8:43
error: Error during WHOIS lookup for jingxunkj.com: getaddrinfo ENOTFOUND whois.paycenter.com.cn
error: Error during WHOIS lookup for hfzg168.com: lookup: timeout
error: Error during WHOIS lookup for global-comp.net: connect ETIMEDOUT 2607:f0d0:3006:76::4:43
error: Error during WHOIS lookup for daystar-chem.com: connect ETIMEDOUT 42.194.253.127:43
error: Error during WHOIS lookup for phasenull.org: connect ETIMEDOUT 2405:200:1607:2820:41::36:43
error: Error during WHOIS lookup for 8xq.lat: connect ETIMEDOUT 2600:1f14:35:3000:5293:9ee3:718f:998d:43
error: Error during WHOIS lookup for visionsofevil.com: connect ETIMEDOUT 2604:4000:8000:212:212:123:41:109:43
error: Error during WHOIS lookup for bittyc.com: connect ETIMEDOUT 2604:4000:2000:2000:98:124:224:8:43
error: Error during WHOIS lookup for hometourscanada.com: connect ETIMEDOUT 2600:1f14:8f0:a401:61e5:2be5:be6a:b9cb:43
error: Error during WHOIS lookup for rockmailquiteclever.top: connect ETIMEDOUT 2405:200:1607:2820:41::36:43
error: Error during WHOIS lookup for xirgqbe.top: connect ETIMEDOUT 2401:b180:1:60::5:43
error: Error during WHOIS lookup for jhesgjg.com: connect ETIMEDOUT 8.216.130.44:43
error: Error during WHOIS lookup for seychellesfsa.com: connect ETIMEDOUT 2405:200:1607:2820:41::36:43
error: Error during WHOIS lookup for cszvajl.top: connect ETIMEDOUT 2401:b180:1:60::5:43
error: Error during WHOIS lookup for youlala119.xyz: getaddrinfo ENOTFOUND whois.paycenter.com.cn
error: Error during WHOIS lookup for jerinx.com: connect ETIMEDOUT 2607:f0d0:3006:76::4:43
error: Error during WHOIS lookup for createscared.com: connect ETIMEDOUT 2406:da00:ff00::36a1:9792:43
error: Error during WHOIS lookup for smlvip.com: lookup: timeout
error: Error during WHOIS lookup for ahwinghon.top: connect ETIMEDOUT 2405:200:1607:2820:41::36:43
error: Error during WHOIS lookup for hqbqd.xyz: connect ETIMEDOUT 2405:200:1607:2820:41::36:43
error: Error during WHOIS lookup for 544683.online: connect ETIMEDOUT 2405:200:1607:2820:41::36:43
error: Error during WHOIS lookup for pzlrrfb.top: connect ETIMEDOUT 2401:b180:1:60::5:43
error: Error during WHOIS lookup for voxjure.com: connect ETIMEDOUT 2405:200:1607:2820:41::36:43
error: Error during WHOIS lookup for elektronenlinea.com: connect ETIMEDOUT 8.216.130.44:43
error: Error during WHOIS lookup for noobgc.com: connect ETIMEDOUT 175.178.32.144:43
error: Error during WHOIS lookup for 92313.work: connect ETIMEDOUT 2405:200:1607:2820:41::36:43
error: Error during WHOIS lookup for beombleb.com: read ECONNRESET
error: Error during WHOIS lookup for retailpk.com: read ECONNRESET
error: Error during WHOIS lookup for 99s7.com: connect ETIMEDOUT 42.194.253.127:43
error: Error during WHOIS lookup for beautifulgarbagephotography.com: connect ETIMEDOUT 2600:1f14:8f0:a401:61e5:2be5:be6a:b9cb:43
error: Error during WHOIS lookup for racinglogo.com: connect ETIMEDOUT 2405:200:1607:2820:41::36:43
error: Error during WHOIS lookup for dominustrading.com: connect ETIMEDOUT 8.216.130.44:43
error: Error during WHOIS lookup for blcoin.website: connect ETIMEDOUT 2405:200:1607:2820:41::36:43
error: Error during WHOIS lookup for 3dinnprint.org: connect ETIMEDOUT 2a07:a246:cc02:400::2:43
error: Error during WHOIS lookup for joysyn.com: getaddrinfo ENOTFOUND whois.paycenter.com.cn
error: Error during WHOIS lookup for hiyaa.net: connect ETIMEDOUT 2405:200:1607:2820:41::36:43
error: Error during WHOIS lookup for cnprompt.top: connect ETIMEDOUT 2401:b180:1:60::6:43
error: Error during WHOIS lookup for iaond-i.com: connect ETIMEDOUT 2405:200:1607:2820:41::36:43
error: Error during WHOIS lookup for mzikgmt.top: connect ETIMEDOUT 2401:b180:1:60::6:43
error: Error during WHOIS lookup for travelsduffels.com: connect ETIMEDOUT 2405:200:1607:2820:41::36:43
error: Error during WHOIS lookup for talkntrade.com: connect ETIMEDOUT 8.216.130.44:43
error: Error during WHOIS lookup for independentsmokeshops.com: connect ETIMEDOUT 2600:1f14:8f0:a401:61e5:2be5:be6a:b9cb:43
error: Error during WHOIS lookup for xsm475.xyz: connect ETIMEDOUT 2405:200:1607:2820:41::36:43
error: Error during WHOIS lookup for incrediblethreat.com: connect ETIMEDOUT 2600:1f14:8f0:a401:61e5:2be5:be6a:b9cb:43
error: Error during WHOIS lookup for jokerlu.ink: connect ETIMEDOUT 2405:200:1607:2820:41::36:43
error: Error during WHOIS lookup for chrisumninc.com: connect ETIMEDOUT 2604:4000:2000:2000:98:124:224:8:43
error: Error during WHOIS lookup for thorstensteinle.com: connect ETIMEDOUT 2600:1f14:8f0:a401:61e5:2be5:be6a:b9cb:43
error: Error during WHOIS lookup for 7lbjb.top: getaddrinfo ENOTFOUND whois.paycenter.com.cn
error: Error during WHOIS lookup for hs55666.com: connect ETIMEDOUT 8.216.130.44:43
error: Error during WHOIS lookup for alluringhomeservices.com: connect ETIMEDOUT 2600:1f14:8f0:a401:61e5:2be5:be6a:b9cb:43
error: Error during WHOIS lookup for vfj.lat: connect ETIMEDOUT 2600:1f14:35:3000:5293:9ee3:718f:998d:43
error: Error during WHOIS lookup for svetobojku.online: connect ETIMEDOUT 2604:4000:8000:212:212:123:41:109:43
error: Error during WHOIS lookup for visunyijoy.com: connect ETIMEDOUT 240e:d9:c200:110::2:43
error: Error during WHOIS lookup for y4npb4047ctq.top: connect ETIMEDOUT 2401:b180:1:60::5:43
error: Error during WHOIS lookup for kytyaz61.icu: connect ETIMEDOUT 240e:d9:c200:110::2:43
error: Error during WHOIS lookup for makemoonastate.com: connect ETIMEDOUT 2600:1f14:35:3000:5293:9ee3:718f:998d:43
error: Error during WHOIS lookup for flashingincall.com: connect ETIMEDOUT 2405:200:1607:2820:41::36:43
error: Error during WHOIS lookup for vmsl6fme5p.top: connect ETIMEDOUT 2401:b180:1:60::5:43
error: Error during WHOIS lookup for midjob.com: connect ETIMEDOUT 2405:200:1607:2820:41::36:43
error: Error during WHOIS lookup for excessmedicalsupply.com: connect ETIMEDOUT 2600:1f14:8f0:a401:61e5:2be5:be6a:b9cb:43
error: Error during WHOIS lookup for vanjoolen.org: connect ETIMEDOUT 2600:1f14:8f0:a401:61e5:2be5:be6a:b9cb:43
error: Error during WHOIS lookup for 9831.xyz: connect ETIMEDOUT 2405:200:1607:2820:41::36:43
error: Error during WHOIS lookup for catalunyaaxethrowing.cat: connect ECONNREFUSED 195.253.6.126:43
error: Error during WHOIS lookup for satansslavesworld.org: connect ETIMEDOUT 2405:200:1607:2820:41::36:43
error: Error during WHOIS lookup for dkkw141.com: connect ETIMEDOUT 175.178.32.144:43
error: Error during WHOIS lookup for yamengdm.info: connect ETIMEDOUT 2405:200:1607:2820:41::36:43
error: Error during WHOIS lookup for ykuri.top: connect ETIMEDOUT 2405:200:1607:2820:41::36:43
error: Error during WHOIS lookup for 2l6u4wd.sbs: connect ETIMEDOUT 2405:200:1607:2820:41::36:43
error: Error during WHOIS lookup for loterialaquetoca.com: connect ETIMEDOUT 2a02:be8:0:2fa:7a2b:cbff:fe00:27b7:43
error: Error during WHOIS lookup for 71uolxeiechei4n.top: connect ECONNREFUSED 47.242.79.53:43
error: Error during WHOIS lookup for ysqu4.xyz: connect ETIMEDOUT 2401:b180:1:60::6:43
error: Error during WHOIS lookup for syxncyq.top: connect ETIMEDOUT 2401:b180:1:60::6:43
error: Error during WHOIS lookup for roadtestresultsnyrtscheduler.com: connect ETIMEDOUT 2405:200:1607:2820:41::36:43
error: Error during WHOIS lookup for piaohuayyw.com: connect ETIMEDOUT 42.194.253.127:43
error: Error during WHOIS lookup for y9p.lat: connect ETIMEDOUT 2600:1f14:35:3000:5293:9ee3:718f:998d:43
error: Error during WHOIS lookup for 8yy.top: connect ETIMEDOUT 2401:b180:1:60::6:43
error: Error during WHOIS lookup for goodweb8.top: connect ETIMEDOUT 2401:b180:1:60::6:43
error: Error during WHOIS lookup for tlbb.work: connect ECONNREFUSED 183.84.10.201:43
error: Error during WHOIS lookup for 15202.cfd: connect ETIMEDOUT 2405:200:1607:2820:41::36:43
error: Error during WHOIS lookup for galabet0744.com: connect ETIMEDOUT 2405:200:1607:2820:41::36:43
error: Error during WHOIS lookup for bomakai.org: connect ETIMEDOUT 2405:200:1607:2820:41::36:43
error: Error during WHOIS lookup for gameforumtr.com: connect ETIMEDOUT 8.216.130.44:43
error: Error during WHOIS lookup for 641266419.xyz: connect ETIMEDOUT 2405:200:1607:2820:41::36:43
error: Error during WHOIS lookup for vv111.top: connect ETIMEDOUT 2409:8c34:2440:30f:100::3:43
error: Error during WHOIS lookup for restmul.top: connect ETIMEDOUT 2401:b180:1:60::5:43
error: Error during WHOIS lookup for home-remodel-intl.xyz: connect ETIMEDOUT 2604:4000:2000:2000:98:124:224:8:43
error: Error during WHOIS lookup for bev6125ihiv4.top: connect ETIMEDOUT 2401:b180:1:60::5:43
error: Error during WHOIS lookup for airminumjelambar.cam: connect ETIMEDOUT 2405:200:1607:2820:41::36:43
error: Error during WHOIS lookup for tea-burn.link: connect ETIMEDOUT 2406:da00:ff00::36a1:9792:43
error: Error during WHOIS lookup for seochotax.com: read ECONNRESET
error: Error during WHOIS lookup for orewxtl.top: connect ETIMEDOUT 2401:b180:1:60::5:43
error: Error during WHOIS lookup for day14.net: connect ETIMEDOUT 2406:da00:ff00::36a1:9792:43
error: Error during WHOIS lookup for xwtfgcl.top: connect ETIMEDOUT 2401:b180:1:60::5:43
error: Error during WHOIS lookup for besjus.com: getaddrinfo ENOTFOUND whois.paycenter.com.cn
error: Error during WHOIS lookup for sinocopter.com: connect ETIMEDOUT 2405:200:1607:2820:41::36:43
error: Error during WHOIS lookup for moroneteresa.com: connect ETIMEDOUT 2a02:24b8:0:101::10:43
error: Error during WHOIS lookup for ukaskhomoffice.org: connect ETIMEDOUT 2606:4700:8d71:2abe:42d7:44:6812:cd04:43
error: Error during WHOIS lookup for knprrou.top: connect ETIMEDOUT 2401:b180:1:60::5:43
error: Error during WHOIS lookup for 44457.tech: connect ETIMEDOUT 2405:200:1607:2820:41::36:43
error: Error during WHOIS lookup for 7277sss.com: connect ETIMEDOUT 2405:200:1607:2820:41::36:43
error: Error during WHOIS lookup for m-a-n3-6-9.com: connect ETIMEDOUT 2405:200:1607:2820:41::36:43
error: Error during WHOIS lookup for ww783usgky46.top: connect ETIMEDOUT 2401:b180:1:60::5:43
error: Error during WHOIS lookup for seek-seasideholidays-pl.info: connect ETIMEDOUT 2600:1f14:35:3000:5293:9ee3:718f:998d:43
error: Error during WHOIS lookup for jutkygruty.world: lookup: timeout
error: Error during WHOIS lookup for cychq.com: connect ETIMEDOUT 175.178.32.144:43
error: Error during WHOIS lookup for fungiblerwa.com: connect ETIMEDOUT 2405:200:1607:2820:41::36:43
error: Error during WHOIS lookup for zetsuk.info: connect ETIMEDOUT 2405:200:1607:2820:41::36:43
error: Error during WHOIS lookup for tgpeipr.top: connect ETIMEDOUT 2401:b180:1:60::6:43
error: Error during WHOIS lookup for jessicadalby.com: connect ETIMEDOUT 2607:f0d0:3006:76::4:43
error: Error during WHOIS lookup for zguhigh.top: connect ETIMEDOUT 2401:b180:1:60::6:43
error: Error during WHOIS lookup for i2hjbqu.sbs: connect ETIMEDOUT 2405:200:1607:2820:41::36:43
error: Error during WHOIS lookup for lshnnyr.top: connect ETIMEDOUT 2401:b180:1:60::6:43
error: Error during WHOIS lookup for liveinvicwest.com: connect ETIMEDOUT 2001:470:7:8a0::2:43
error: Error during WHOIS lookup for backendlottoleo.com: connect ETIMEDOUT 2406:da00:ff00::3417:86a7:43
error: Error during WHOIS lookup for devpro-sa.com: connect ETIMEDOUT 2600:1f14:8f0:a401:61e5:2be5:be6a:b9cb:43
error: Error during WHOIS lookup for reinoeco.com: connect ETIMEDOUT 2600:1f14:8f0:a401:61e5:2be5:be6a:b9cb:43
error: Error during WHOIS lookup for 5967t53.top: connect ETIMEDOUT 8.216.130.44:43
error: Error during WHOIS lookup for memberpulsa.top: connect ETIMEDOUT 2405:200:1607:2820:41::36:43
error: Error during WHOIS lookup for vtbxn.top: connect ETIMEDOUT 2401:b180:1:60::5:43
error: Error during WHOIS lookup for thaikraeuter.com: read ECONNRESET
error: Error during WHOIS lookup for bbq571.xyz: getaddrinfo ENOTFOUND whois.paycenter.com.cn
error: Error during WHOIS lookup for heyiconic.com: connect ETIMEDOUT 2607:f0d0:3006:76::4:43
error: Error during WHOIS lookup for langfengzhi.top: connect ETIMEDOUT 2401:b180:1:60::5:43
error: Error during WHOIS lookup for bezdeno.com: connect ETIMEDOUT 2604:4000:8000:212:212:123:41:109:43
error: Error during WHOIS lookup for royalmerchantcapital.com: read ECONNRESET
error: Error during WHOIS lookup for irenegeorgiou.com: connect ETIMEDOUT 2607:f0d0:3006:76::4:43
error: Error during WHOIS lookup for iceapplehospitality.com: connect ETIMEDOUT 2600:1f14:8f0:a401:61e5:2be5:be6a:b9cb:43
error: Error during WHOIS lookup for cgnmbse.top: connect ETIMEDOUT 2401:b180:1:60::5:43
error: Error during WHOIS lookup for bumepay.com: connect ETIMEDOUT 2607:f0d0:3006:76::4:43
error: Error during WHOIS lookup for shaidongdong.com: getaddrinfo ENOTFOUND whois.paycenter.com.cn
error: Error during WHOIS lookup for cubes-ksa.com: connect ETIMEDOUT 2604:4000:2000:2000:98:124:224:8:43
error: Error during WHOIS lookup for oekxcqy.top: connect ETIMEDOUT 2401:b180:1:60::6:43
error: Error during WHOIS lookup for zzc01.top: connect ETIMEDOUT 2401:b180:1:60::6:43
error: Error during WHOIS lookup for mcapirivo.com: getaddrinfo ENOTFOUND whois.paycenter.com.cn
error: Error during WHOIS lookup for tlgvdsi.top: connect ETIMEDOUT 2401:b180:1:60::6:43
error: Error during WHOIS lookup for hnyjzs.com: connect ETIMEDOUT 175.178.32.144:43
error: Error during WHOIS lookup for jazq8976.com: read ECONNRESET
error: Error during WHOIS lookup for elefantenegrotraductores.com: read ECONNRESET
error: Error during WHOIS lookup for ujnpxml.top: connect ETIMEDOUT 2401:b180:1:60::5:43
error: Error during WHOIS lookup for i-csg.top: connect ETIMEDOUT 2405:200:1607:2820:41::36:43
error: Error during WHOIS lookup for bornbowhunter.com: connect ETIMEDOUT 2405:200:1607:2820:41::36:43
error: Error during WHOIS lookup for tqhodrf.top: connect ETIMEDOUT 2401:b180:1:60::5:43
error: Error during WHOIS lookup for lode12.com: connect ETIMEDOUT 2600:1f14:35:3000:5293:9ee3:718f:998d:43
error: Error during WHOIS lookup for bombayana.com: connect ETIMEDOUT 2405:200:1607:2820:41::36:43
